<?xml version="1.0" encoding="UTF-8"?>
<testsuite name="com.toastmasters.example.ToastmastersClubApplicationTests" tests="1" skipped="0" failures="0" errors="0" timestamp="2024-08-27T04:34:21" hostname="VAIBHAVSHEJOL" time="0.587">
  <properties/>
  <testcase name="contextLoads()" classname="com.toastmasters.example.ToastmastersClubApplicationTests" time="0.587"/>
  <system-out><![CDATA[10:04:15.662 [Test worker] INFO org.springframework.test.context.support.AnnotationConfigContextLoaderUtils -- Could not detect default configuration classes for test class [com.toastmasters.example.ToastmastersClubApplicationTests]: ToastmastersClubApplicationTests does not declare any static, non-private, non-final, nested classes annotated with @Configuration.
10:04:15.796 [Test worker] INFO org.springframework.boot.test.context.SpringBootTestContextBootstrapper -- Found @SpringBootConfiguration com.toastmasters.example.ToastmastersClubApplication for test class com.toastmasters.example.ToastmastersClubApplicationTests

  .   ____          _            __ _ _
 /\\ / ___'_ __ _ _(_)_ __  __ _ \ \ \ \
( ( )\___ | '_ | '_| | '_ \/ _` | \ \ \ \
 \\/  ___)| |_)| | | | | || (_| |  ) ) ) )
  '  |____| .__|_| |_|_| |_\__, | / / / /
 =========|_|==============|___/=/_/_/_/

 :: Spring Boot ::                (v3.3.2)

2024-08-27T10:04:16.316+05:30  INFO 9300 --- [ToastmastersClub] [    Test worker] c.t.e.ToastmastersClubApplicationTests   : Starting ToastmastersClubApplicationTests using Java 21.0.3 with PID 9300 (started by vaibhav.shejol in D:\GitHub Repositories\toastmasters-club\ToastmastersClub)
2024-08-27T10:04:16.318+05:30  INFO 9300 --- [ToastmastersClub] [    Test worker] c.t.e.ToastmastersClubApplicationTests   : No active profile set, falling back to 1 default profile: "default"
2024-08-27T10:04:17.299+05:30  INFO 9300 --- [ToastmastersClub] [    Test worker] .s.d.r.c.RepositoryConfigurationDelegate : Bootstrapping Spring Data JPA repositories in DEFAULT mode.
2024-08-27T10:04:17.398+05:30  INFO 9300 --- [ToastmastersClub] [    Test worker] .s.d.r.c.RepositoryConfigurationDelegate : Finished Spring Data repository scanning in 88 ms. Found 4 JPA repository interfaces.
2024-08-27T10:04:18.028+05:30  INFO 9300 --- [ToastmastersClub] [    Test worker] o.hibernate.jpa.internal.util.LogHelper  : HHH000204: Processing PersistenceUnitInfo [name: default]
2024-08-27T10:04:18.129+05:30  INFO 9300 --- [ToastmastersClub] [    Test worker] org.hibernate.Version                    : HHH000412: Hibernate ORM core version 6.5.2.Final
2024-08-27T10:04:18.185+05:30  INFO 9300 --- [ToastmastersClub] [    Test worker] o.h.c.internal.RegionFactoryInitiator    : HHH000026: Second-level cache disabled
2024-08-27T10:04:18.672+05:30  INFO 9300 --- [ToastmastersClub] [    Test worker] o.s.o.j.p.SpringPersistenceUnitInfo      : No LoadTimeWeaver setup: ignoring JPA class transformer
2024-08-27T10:04:18.710+05:30  INFO 9300 --- [ToastmastersClub] [    Test worker] com.zaxxer.hikari.HikariDataSource       : HikariPool-1 - Starting...
2024-08-27T10:04:19.012+05:30  INFO 9300 --- [ToastmastersClub] [    Test worker] com.zaxxer.hikari.pool.HikariPool        : HikariPool-1 - Added connection org.postgresql.jdbc.PgConnection@8af1c49
2024-08-27T10:04:19.015+05:30  INFO 9300 --- [ToastmastersClub] [    Test worker] com.zaxxer.hikari.HikariDataSource       : HikariPool-1 - Start completed.
2024-08-27T10:04:20.284+05:30  INFO 9300 --- [ToastmastersClub] [    Test worker] o.h.e.t.j.p.i.JtaPlatformInitiator       : HHH000489: No JTA platform available (set 'hibernate.transaction.jta.platform' to enable JTA platform integration)
2024-08-27T10:04:20.439+05:30  INFO 9300 --- [ToastmastersClub] [    Test worker] j.LocalContainerEntityManagerFactoryBean : Initialized JPA EntityManagerFactory for persistence unit 'default'
2024-08-27T10:04:21.031+05:30  WARN 9300 --- [ToastmastersClub] [    Test worker] JpaBaseConfiguration$JpaWebConfiguration : spring.jpa.open-in-view is enabled by default. Therefore, database queries may be performed during view rendering. Explicitly configure spring.jpa.open-in-view to disable this warning
2024-08-27T10:04:21.648+05:30  INFO 9300 --- [ToastmastersClub] [    Test worker] c.t.e.ToastmastersClubApplicationTests   : Started ToastmastersClubApplicationTests in 5.665 seconds (process running for 7.51)
]]></system-out>
  <system-err><![CDATA[WARNING: A Java agent has been loaded dynamically (C:\Users\vaibhav.shejol\.gradle\caches\modules-2\files-2.1\net.bytebuddy\byte-buddy-agent\1.14.18\417558ea01fe9f0e8a94af28b9469d281c4e3984\byte-buddy-agent-1.14.18.jar)
WARNING: If a serviceability tool is in use, please run with -XX:+EnableDynamicAgentLoading to hide this warning
WARNING: If a serviceability tool is not in use, please run with -Djdk.instrument.traceUsage for more information
WARNING: Dynamic loading of agents will be disallowed by default in a future release
]]></system-err>
</testsuite>
